stdio    D         file_stdio.c:110  file_stdio_fopen                 [   0.00000] opening M:\Game c++\abc\dark_strategy\Release\allegro5.cfg r
system   D            wsystem.c:738  maybe_parent_dir                 [   0.00000] Also searching M:\Game c++\abc\dark_strategy\
system   D            wsystem.c:788  _al_win_safe_load_library        [   0.00000] PathFindOnPath found: C:\WINDOWS\system32\shcore.dll
system   D            wsystem.c:699  load_library_at_path             [   0.00000] Calling LoadLibrary C:\WINDOWS\system32\shcore.dll
system   I            wsystem.c:702  load_library_at_path             [   0.00000] Loaded C:\WINDOWS\system32\shcore.dll
system   I             system.c:264  al_install_system                [   0.00000] Allegro version: 5.2.4
audio-dsound I           dsound.cpp:271  _dsound_open                     [   0.00028] Starting DirectSound...
audio-dsound D           dsound.cpp:280  _dsound_open                     [   0.04102] DirectSoundCreate8 succeeded
audio-dsound I           dsound.cpp:73   get_window                       [   0.04106] Using desktop window: 00010010
audio    I              audio.c:347  do_install_audio                 [   0.04121] Using DirectSound driver
audio-dsound D           dsound.cpp:311  _dsound_allocate_voice           [   0.04126] Allocating voice
audio-dsound D           dsound.cpp:370  _dsound_allocate_voice           [   0.04128] Allocated voice
dtor     D               dtor.c:196  _al_register_destructor          [   0.04131] added dtor for voice 014D4DE0, func 0F39118B
dtor     D               dtor.c:196  _al_register_destructor          [   0.04134] added dtor for mixer 015157C8, func 0F391208
audio-dsound D           dsound.cpp:466  _dsound_start_voice              [   0.04137] Starting voice
audio-dsound D           dsound.cpp:494  _dsound_start_voice              [   0.04139] CreateSoundBuffer
audio-dsound D           dsound.cpp:502  _dsound_start_voice              [   0.04400] CreateSoundBuffer succeeded
audio-dsound D           dsound.cpp:508  _dsound_start_voice              [   0.04405] Starting _dsound_update thread
audio-dsound I           dsound.cpp:518  _dsound_start_voice              [   0.04452] Voice started
dtor     D               dtor.c:196  _al_register_destructor          [   0.04460] added dtor for sample_instance 01515FA8, func 0F3914D3
audio    D          kcm_mixer.c:121  _al_rechannel_matrix             [   0.04464] sample matrix:
audio    D          kcm_mixer.c:127  _al_rechannel_matrix             [   0.04471] 
audio    D          kcm_mixer.c:127  _al_rechannel_matrix             [   0.04473] 
dtor     D               dtor.c:196  _al_register_destructor          [   0.04475] added dtor for sample_instance 0152A4A8, func 0F3914D3
audio    D          kcm_mixer.c:121  _al_rechannel_matrix             [   0.04478] sample matrix:
audio    D          kcm_mixer.c:127  _al_rechannel_matrix             [   0.04479] 
audio    D          kcm_mixer.c:127  _al_rechannel_matrix             [   0.04481] 
dtor     D               dtor.c:196  _al_register_destructor          [   0.04483] added dtor for sample_instance 0152DAF0, func 0F3914D3
audio    D          kcm_mixer.c:121  _al_rechannel_matrix             [   0.04497] sample matrix:
audio    D          kcm_mixer.c:127  _al_rechannel_matrix             [   0.04499] 
audio    D          kcm_mixer.c:127  _al_rechannel_matrix             [   0.04500] 
dtor     D               dtor.c:196  _al_register_destructor          [   0.04502] added dtor for sample_instance 01539ED0, func 0F3914D3
audio    D          kcm_mixer.c:121  _al_rechannel_matrix             [   0.04504] sample matrix:
audio    D          kcm_mixer.c:127  _al_rechannel_matrix             [   0.04506] 
audio    D          kcm_mixer.c:127  _al_rechannel_matrix             [   0.04507] 
dtor     D               dtor.c:196  _al_register_destructor          [   0.04509] added dtor for sample_instance 01539FE0, func 0F3914D3
audio    D          kcm_mixer.c:121  _al_rechannel_matrix             [   0.04512] sample matrix:
audio    D          kcm_mixer.c:127  _al_rechannel_matrix             [   0.04519] 
audio    D          kcm_mixer.c:127  _al_rechannel_matrix             [   0.04521] 
dtor     D               dtor.c:196  _al_register_destructor          [   0.04523] added dtor for sample_instance 0153A5A8, func 0F3914D3
audio    D          kcm_mixer.c:121  _al_rechannel_matrix             [   0.04525] sample matrix:
audio    D          kcm_mixer.c:127  _al_rechannel_matrix             [   0.04527] 
audio    D          kcm_mixer.c:127  _al_rechannel_matrix             [   0.04529] 
dtor     D               dtor.c:196  _al_register_destructor          [   0.04531] added dtor for sample_instance 0153A9E0, func 0F3914D3
audio    D          kcm_mixer.c:121  _al_rechannel_matrix             [   0.04533] sample matrix:
audio    D          kcm_mixer.c:127  _al_rechannel_matrix             [   0.04535] 
audio    D          kcm_mixer.c:127  _al_rechannel_matrix             [   0.04536] 
dtor     D               dtor.c:196  _al_register_destructor          [   0.04538] added dtor for sample_instance 0153B1F0, func 0F3914D3
audio    D          kcm_mixer.c:121  _al_rechannel_matrix             [   0.04541] sample matrix:
audio    D          kcm_mixer.c:127  _al_rechannel_matrix             [   0.04542] 
audio    D          kcm_mixer.c:127  _al_rechannel_matrix             [   0.04544] 
dtor     D               dtor.c:196  _al_register_destructor          [   0.04546] added dtor for sample_instance 0153A808, func 0F3914D3
audio    D          kcm_mixer.c:121  _al_rechannel_matrix             [   0.04548] sample matrix:
audio    D          kcm_mixer.c:127  _al_rechannel_matrix             [   0.04550] 
audio    D          kcm_mixer.c:127  _al_rechannel_matrix             [   0.04552] 
dtor     D               dtor.c:196  _al_register_destructor          [   0.04553] added dtor for sample_instance 0153AD08, func 0F3914D3
audio    D          kcm_mixer.c:121  _al_rechannel_matrix             [   0.04556] sample matrix:
audio    D          kcm_mixer.c:127  _al_rechannel_matrix             [   0.04557] 
audio    D          kcm_mixer.c:127  _al_rechannel_matrix             [   0.04559] 
dtor     D               dtor.c:196  _al_register_destructor          [   0.04561] added dtor for sample_instance 0153A6B8, func 0F3914D3
audio    D          kcm_mixer.c:121  _al_rechannel_matrix             [   0.04563] sample matrix:
audio    D          kcm_mixer.c:127  _al_rechannel_matrix             [   0.04565] 
audio    D          kcm_mixer.c:127  _al_rechannel_matrix             [   0.04567] 
dtor     D               dtor.c:196  _al_register_destructor          [   0.04569] added dtor for sample_instance 0153AAF0, func 0F3914D3
audio    D          kcm_mixer.c:121  _al_rechannel_matrix             [   0.04571] sample matrix:
audio    D          kcm_mixer.c:127  _al_rechannel_matrix             [   0.04573] 
audio    D          kcm_mixer.c:127  _al_rechannel_matrix             [   0.04574] 
dtor     D               dtor.c:196  _al_register_destructor          [   0.04576] added dtor for sample_instance 0153B328, func 0F3914D3
audio    D          kcm_mixer.c:121  _al_rechannel_matrix             [   0.04578] sample matrix:
audio    D          kcm_mixer.c:127  _al_rechannel_matrix             [   0.04580] 
audio    D          kcm_mixer.c:127  _al_rechannel_matrix             [   0.04582] 
dtor     D               dtor.c:196  _al_register_destructor          [   0.04584] added dtor for sample_instance 0153B440, func 0F3914D3
audio    D          kcm_mixer.c:121  _al_rechannel_matrix             [   0.04586] sample matrix:
audio    D          kcm_mixer.c:127  _al_rechannel_matrix             [   0.04588] 
audio    D          kcm_mixer.c:127  _al_rechannel_matrix             [   0.04590] 
dtor     D               dtor.c:196  _al_register_destructor          [   0.04592] added dtor for sample_instance 0153B558, func 0F3914D3
audio    D          kcm_mixer.c:121  _al_rechannel_matrix             [   0.04594] sample matrix:
audio    D          kcm_mixer.c:127  _al_rechannel_matrix             [   0.04596] 
audio    D          kcm_mixer.c:127  _al_rechannel_matrix             [   0.04598] 
dtor     D               dtor.c:196  _al_register_destructor          [   0.04600] added dtor for sample_instance 0153B9B8, func 0F3914D3
audio    D          kcm_mixer.c:121  _al_rechannel_matrix             [   0.04602] sample matrix:
audio    D          kcm_mixer.c:127  _al_rechannel_matrix             [   0.04604] 
audio    D          kcm_mixer.c:127  _al_rechannel_matrix             [   0.04605] 
dtor     D               dtor.c:196  _al_register_destructor          [   0.04607] added dtor for sample_instance 0153B670, func 0F3914D3
audio    D          kcm_mixer.c:121  _al_rechannel_matrix             [   0.04610] sample matrix:
audio    D          kcm_mixer.c:127  _al_rechannel_matrix             [   0.04611] 
audio    D          kcm_mixer.c:127  _al_rechannel_matrix             [   0.04613] 
dtor     D               dtor.c:196  _al_register_destructor          [   0.04615] added dtor for sample_instance 0153B788, func 0F3914D3
audio    D          kcm_mixer.c:121  _al_rechannel_matrix             [   0.04617] sample matrix:
audio    D          kcm_mixer.c:127  _al_rechannel_matrix             [   0.04619] 
audio    D          kcm_mixer.c:127  _al_rechannel_matrix             [   0.04621] 
dtor     D               dtor.c:196  _al_register_destructor          [   0.04623] added dtor for sample_instance 0153B8A0, func 0F3914D3
audio    D          kcm_mixer.c:121  _al_rechannel_matrix             [   0.04625] sample matrix:
audio    D          kcm_mixer.c:127  _al_rechannel_matrix             [   0.04627] 
audio    D          kcm_mixer.c:127  _al_rechannel_matrix             [   0.04629] 
dtor     D               dtor.c:196  _al_register_destructor          [   0.04631] added dtor for sample_instance 0153C2D8, func 0F3914D3
audio    D          kcm_mixer.c:121  _al_rechannel_matrix             [   0.04633] sample matrix:
audio    D          kcm_mixer.c:127  _al_rechannel_matrix             [   0.04635] 
audio    D          kcm_mixer.c:127  _al_rechannel_matrix             [   0.04637] 
system   D            wsystem.c:738  maybe_parent_dir                 [   0.04650] Also searching M:\Game c++\abc\dark_strategy\
system   D            wsystem.c:788  _al_win_safe_load_library        [   0.04665] PathFindOnPath found: C:\WINDOWS\system32\d3d9.dll
system   D            wsystem.c:699  load_library_at_path             [   0.04667] Calling LoadLibrary C:\WINDOWS\system32\d3d9.dll
system   I            wsystem.c:702  load_library_at_path             [   0.06742] Loaded C:\WINDOWS\system32\d3d9.dll
d3d      I         d3d_disp.cpp:674  d3d_init_display                 [   0.08397] Render-to-texture: 1
d3d      I         d3d_disp.cpp:1768 d3d_create_display_locked        [   0.08475] faux_fullscreen=0
d3d      D         d3d_disp.cpp:1769 d3d_create_display_locked        [   0.08479] al_display=01554938
d3d      D         d3d_disp.cpp:1770 d3d_create_display_locked        [   0.08481] al_display->vt=015132C0
d3d      I d3d_display_formats.cpp:144  _al_d3d_generate_display_format_list [   0.09039] found 64 format combinations
display  D   display_settings.c:212  debug_display_settings           [   0.09044] color: 32 (rgba 8880), depth: 0, stencil: 0, acc: 0000, samples: 0/0
display  D   display_settings.c:527  _al_score_display_settings       [   0.09047] Score is : 897
display  D   display_settings.c:212  debug_display_settings           [   0.09049] color: 32 (rgba 8880), depth: 0, stencil: 0, acc: 0000, samples: 0/0
display  D   display_settings.c:527  _al_score_display_settings       [   0.09051] Score is : 897
display  D   display_settings.c:212  debug_display_settings           [   0.09053] color: 32 (rgba 8880), depth: 24, stencil: 8, acc: 0000, samples: 0/0
display  D   display_settings.c:527  _al_score_display_settings       [   0.09056] Score is : 897
display  D   display_settings.c:212  debug_display_settings           [   0.09058] color: 32 (rgba 8880), depth: 24, stencil: 8, acc: 0000, samples: 0/0
display  D   display_settings.c:527  _al_score_display_settings       [   0.09061] Score is : 897
display  D   display_settings.c:212  debug_display_settings           [   0.09063] color: 32 (rgba 8880), depth: 24, stencil: 0, acc: 0000, samples: 0/0
display  D   display_settings.c:527  _al_score_display_settings       [   0.09066] Score is : 897
display  D   display_settings.c:212  debug_display_settings           [   0.09068] color: 32 (rgba 8880), depth: 24, stencil: 0, acc: 0000, samples: 0/0
display  D   display_settings.c:527  _al_score_display_settings       [   0.09070] Score is : 897
display  D   display_settings.c:212  debug_display_settings           [   0.09072] color: 32 (rgba 8880), depth: 16, stencil: 0, acc: 0000, samples: 0/0
display  D   display_settings.c:527  _al_score_display_settings       [   0.09075] Score is : 897
display  D   display_settings.c:212  debug_display_settings           [   0.09076] color: 32 (rgba 8880), depth: 16, stencil: 0, acc: 0000, samples: 0/0
display  D   display_settings.c:527  _al_score_display_settings       [   0.09079] Score is : 897
display  D   display_settings.c:212  debug_display_settings           [   0.09081] color: 16 (rgba 5650), depth: 0, stencil: 0, acc: 0000, samples: 0/0
display  D   display_settings.c:527  _al_score_display_settings       [   0.09084] Score is : 897
display  D   display_settings.c:212  debug_display_settings           [   0.09085] color: 16 (rgba 5650), depth: 0, stencil: 0, acc: 0000, samples: 0/0
display  D   display_settings.c:527  _al_score_display_settings       [   0.09088] Score is : 897
display  D   display_settings.c:212  debug_display_settings           [   0.09090] color: 16 (rgba 5650), depth: 24, stencil: 8, acc: 0000, samples: 0/0
display  D   display_settings.c:527  _al_score_display_settings       [   0.09092] Score is : 897
display  D   display_settings.c:212  debug_display_settings           [   0.09094] color: 16 (rgba 5650), depth: 24, stencil: 8, acc: 0000, samples: 0/0
display  D   display_settings.c:527  _al_score_display_settings       [   0.09097] Score is : 897
display  D   display_settings.c:212  debug_display_settings           [   0.09099] color: 16 (rgba 5650), depth: 24, stencil: 0, acc: 0000, samples: 0/0
display  D   display_settings.c:527  _al_score_display_settings       [   0.09101] Score is : 897
display  D   display_settings.c:212  debug_display_settings           [   0.09103] color: 16 (rgba 5650), depth: 24, stencil: 0, acc: 0000, samples: 0/0
display  D   display_settings.c:527  _al_score_display_settings       [   0.09106] Score is : 897
display  D   display_settings.c:212  debug_display_settings           [   0.09108] color: 16 (rgba 5650), depth: 16, stencil: 0, acc: 0000, samples: 0/0
display  D   display_settings.c:527  _al_score_display_settings       [   0.09110] Score is : 897
display  D   display_settings.c:212  debug_display_settings           [   0.09112] color: 16 (rgba 5650), depth: 16, stencil: 0, acc: 0000, samples: 0/0
display  D   display_settings.c:527  _al_score_display_settings       [   0.09114] Score is : 897
display  D   display_settings.c:212  debug_display_settings           [   0.09116] color: 32 (rgba 8880), depth: 0, stencil: 0, acc: 0000, samples: 0/0
display  D   display_settings.c:398  _al_score_display_settings       [   0.09119] Single Buffer requirement not met.
display  D   display_settings.c:212  debug_display_settings           [   0.09121] color: 32 (rgba 8880), depth: 0, stencil: 0, acc: 0000, samples: 0/0
display  D   display_settings.c:398  _al_score_display_settings       [   0.09123] Single Buffer requirement not met.
display  D   display_settings.c:212  debug_display_settings           [   0.09125] color: 32 (rgba 8880), depth: 24, stencil: 8, acc: 0000, samples: 0/0
display  D   display_settings.c:398  _al_score_display_settings       [   0.09128] Single Buffer requirement not met.
display  D   display_settings.c:212  debug_display_settings           [   0.09232] color: 32 (rgba 8880), depth: 24, stencil: 8, acc: 0000, samples: 0/0
display  D   display_settings.c:398  _al_score_display_settings       [   0.09243] Single Buffer requirement not met.
display  D   display_settings.c:212  debug_display_settings           [   0.09246] color: 32 (rgba 8880), depth: 24, stencil: 0, acc: 0000, samples: 0/0
display  D   display_settings.c:398  _al_score_display_settings       [   0.09249] Single Buffer requirement not met.
display  D   display_settings.c:212  debug_display_settings           [   0.09251] color: 32 (rgba 8880), depth: 24, stencil: 0, acc: 0000, samples: 0/0
display  D   display_settings.c:398  _al_score_display_settings       [   0.09253] Single Buffer requirement not met.
display  D   display_settings.c:212  debug_display_settings           [   0.09255] color: 32 (rgba 8880), depth: 16, stencil: 0, acc: 0000, samples: 0/0
display  D   display_settings.c:398  _al_score_display_settings       [   0.09258] Single Buffer requirement not met.
display  D   display_settings.c:212  debug_display_settings           [   0.09260] color: 32 (rgba 8880), depth: 16, stencil: 0, acc: 0000, samples: 0/0
display  D   display_settings.c:398  _al_score_display_settings       [   0.09262] Single Buffer requirement not met.
display  D   display_settings.c:212  debug_display_settings           [   0.09264] color: 16 (rgba 5650), depth: 0, stencil: 0, acc: 0000, samples: 0/0
display  D   display_settings.c:398  _al_score_display_settings       [   0.09267] Single Buffer requirement not met.
display  D   display_settings.c:212  debug_display_settings           [   0.09268] color: 16 (rgba 5650), depth: 0, stencil: 0, acc: 0000, samples: 0/0
display  D   display_settings.c:398  _al_score_display_settings       [   0.09271] Single Buffer requirement not met.
display  D   display_settings.c:212  debug_display_settings           [   0.09273] color: 16 (rgba 5650), depth: 24, stencil: 8, acc: 0000, samples: 0/0
display  D   display_settings.c:398  _al_score_display_settings       [   0.09275] Single Buffer requirement not met.
display  D   display_settings.c:212  debug_display_settings           [   0.09277] color: 16 (rgba 5650), depth: 24, stencil: 8, acc: 0000, samples: 0/0
display  D   display_settings.c:398  _al_score_display_settings       [   0.09280] Single Buffer requirement not met.
display  D   display_settings.c:212  debug_display_settings           [   0.09282] color: 16 (rgba 5650), depth: 24, stencil: 0, acc: 0000, samples: 0/0
display  D   display_settings.c:398  _al_score_display_settings       [   0.09284] Single Buffer requirement not met.
display  D   display_settings.c:212  debug_display_settings           [   0.09286] color: 16 (rgba 5650), depth: 24, stencil: 0, acc: 0000, samples: 0/0
display  D   display_settings.c:398  _al_score_display_settings       [   0.09289] Single Buffer requirement not met.
display  D   display_settings.c:212  debug_display_settings           [   0.09291] color: 16 (rgba 5650), depth: 16, stencil: 0, acc: 0000, samples: 0/0
display  D   display_settings.c:398  _al_score_display_settings       [   0.09293] Single Buffer requirement not met.
display  D   display_settings.c:212  debug_display_settings           [   0.09295] color: 16 (rgba 5650), depth: 16, stencil: 0, acc: 0000, samples: 0/0
display  D   display_settings.c:398  _al_score_display_settings       [   0.09298] Single Buffer requirement not met.
display  D   display_settings.c:212  debug_display_settings           [   0.09300] color: 32 (rgba 8880), depth: 0, stencil: 0, acc: 0000, samples: 0/0
display  D   display_settings.c:527  _al_score_display_settings       [   0.09302] Score is : 769
display  D   display_settings.c:212  debug_display_settings           [   0.09304] color: 32 (rgba 8880), depth: 0, stencil: 0, acc: 0000, samples: 0/0
display  D   display_settings.c:527  _al_score_display_settings       [   0.09307] Score is : 769
display  D   display_settings.c:212  debug_display_settings           [   0.09309] color: 32 (rgba 8880), depth: 24, stencil: 8, acc: 0000, samples: 0/0
display  D   display_settings.c:527  _al_score_display_settings       [   0.09315] Score is : 769
display  D   display_settings.c:212  debug_display_settings           [   0.09317] color: 32 (rgba 8880), depth: 24, stencil: 8, acc: 0000, samples: 0/0
display  D   display_settings.c:527  _al_score_display_settings       [   0.09320] Score is : 769
display  D   display_settings.c:212  debug_display_settings           [   0.09321] color: 32 (rgba 8880), depth: 24, stencil: 0, acc: 0000, samples: 0/0
display  D   display_settings.c:527  _al_score_display_settings       [   0.09324] Score is : 769
display  D   display_settings.c:212  debug_display_settings           [   0.09326] color: 32 (rgba 8880), depth: 24, stencil: 0, acc: 0000, samples: 0/0
display  D   display_settings.c:527  _al_score_display_settings       [   0.09328] Score is : 769
display  D   display_settings.c:212  debug_display_settings           [   0.09330] color: 32 (rgba 8880), depth: 16, stencil: 0, acc: 0000, samples: 0/0
display  D   display_settings.c:527  _al_score_display_settings       [   0.09333] Score is : 769
display  D   display_settings.c:212  debug_display_settings           [   0.09334] color: 32 (rgba 8880), depth: 16, stencil: 0, acc: 0000, samples: 0/0
display  D   display_settings.c:527  _al_score_display_settings       [   0.09337] Score is : 769
display  D   display_settings.c:212  debug_display_settings           [   0.09338] color: 16 (rgba 5650), depth: 0, stencil: 0, acc: 0000, samples: 0/0
display  D   display_settings.c:527  _al_score_display_settings       [   0.09341] Score is : 769
display  D   display_settings.c:212  debug_display_settings           [   0.09342] color: 16 (rgba 5650), depth: 0, stencil: 0, acc: 0000, samples: 0/0
display  D   display_settings.c:527  _al_score_display_settings       [   0.09345] Score is : 769
display  D   display_settings.c:212  debug_display_settings           [   0.09346] color: 16 (rgba 5650), depth: 24, stencil: 8, acc: 0000, samples: 0/0
display  D   display_settings.c:527  _al_score_display_settings       [   0.09349] Score is : 769
display  D   display_settings.c:212  debug_display_settings           [   0.09350] color: 16 (rgba 5650), depth: 24, stencil: 8, acc: 0000, samples: 0/0
display  D   display_settings.c:527  _al_score_display_settings       [   0.09354] Score is : 769
display  D   display_settings.c:212  debug_display_settings           [   0.09356] color: 16 (rgba 5650), depth: 24, stencil: 0, acc: 0000, samples: 0/0
display  D   display_settings.c:527  _al_score_display_settings       [   0.09358] Score is : 769
display  D   display_settings.c:212  debug_display_settings           [   0.09360] color: 16 (rgba 5650), depth: 24, stencil: 0, acc: 0000, samples: 0/0
display  D   display_settings.c:527  _al_score_display_settings       [   0.09362] Score is : 769
display  D   display_settings.c:212  debug_display_settings           [   0.09364] color: 16 (rgba 5650), depth: 16, stencil: 0, acc: 0000, samples: 0/0
display  D   display_settings.c:527  _al_score_display_settings       [   0.09366] Score is : 769
display  D   display_settings.c:212  debug_display_settings           [   0.09368] color: 16 (rgba 5650), depth: 16, stencil: 0, acc: 0000, samples: 0/0
display  D   display_settings.c:527  _al_score_display_settings       [   0.09370] Score is : 769
display  D   display_settings.c:212  debug_display_settings           [   0.09372] color: 32 (rgba 8880), depth: 0, stencil: 0, acc: 0000, samples: 0/0
display  D   display_settings.c:398  _al_score_display_settings       [   0.09375] Single Buffer requirement not met.
display  D   display_settings.c:212  debug_display_settings           [   0.09376] color: 32 (rgba 8880), depth: 0, stencil: 0, acc: 0000, samples: 0/0
display  D   display_settings.c:398  _al_score_display_settings       [   0.09379] Single Buffer requirement not met.
display  D   display_settings.c:212  debug_display_settings           [   0.09380] color: 32 (rgba 8880), depth: 24, stencil: 8, acc: 0000, samples: 0/0
display  D   display_settings.c:398  _al_score_display_settings       [   0.09385] Single Buffer requirement not met.
display  D   display_settings.c:212  debug_display_settings           [   0.09387] color: 32 (rgba 8880), depth: 24, stencil: 8, acc: 0000, samples: 0/0
display  D   display_settings.c:398  _al_score_display_settings       [   0.09389] Single Buffer requirement not met.
display  D   display_settings.c:212  debug_display_settings           [   0.09391] color: 32 (rgba 8880), depth: 24, stencil: 0, acc: 0000, samples: 0/0
display  D   display_settings.c:398  _al_score_display_settings       [   0.09393] Single Buffer requirement not met.
display  D   display_settings.c:212  debug_display_settings           [   0.09394] color: 32 (rgba 8880), depth: 24, stencil: 0, acc: 0000, samples: 0/0
display  D   display_settings.c:398  _al_score_display_settings       [   0.09396] Single Buffer requirement not met.
display  D   display_settings.c:212  debug_display_settings           [   0.09397] color: 32 (rgba 8880), depth: 16, stencil: 0, acc: 0000, samples: 0/0
display  D   display_settings.c:398  _al_score_display_settings       [   0.09399] Single Buffer requirement not met.
display  D   display_settings.c:212  debug_display_settings           [   0.09400] color: 32 (rgba 8880), depth: 16, stencil: 0, acc: 0000, samples: 0/0
display  D   display_settings.c:398  _al_score_display_settings       [   0.09402] Single Buffer requirement not met.
display  D   display_settings.c:212  debug_display_settings           [   0.09403] color: 16 (rgba 5650), depth: 0, stencil: 0, acc: 0000, samples: 0/0
display  D   display_settings.c:398  _al_score_display_settings       [   0.09405] Single Buffer requirement not met.
display  D   display_settings.c:212  debug_display_settings           [   0.09406] color: 16 (rgba 5650), depth: 0, stencil: 0, acc: 0000, samples: 0/0
display  D   display_settings.c:398  _al_score_display_settings       [   0.09408] Single Buffer requirement not met.
display  D   display_settings.c:212  debug_display_settings           [   0.09409] color: 16 (rgba 5650), depth: 24, stencil: 8, acc: 0000, samples: 0/0
display  D   display_settings.c:398  _al_score_display_settings       [   0.09411] Single Buffer requirement not met.
display  D   display_settings.c:212  debug_display_settings           [   0.09412] color: 16 (rgba 5650), depth: 24, stencil: 8, acc: 0000, samples: 0/0
display  D   display_settings.c:398  _al_score_display_settings       [   0.09414] Single Buffer requirement not met.
display  D   display_settings.c:212  debug_display_settings           [   0.09416] color: 16 (rgba 5650), depth: 24, stencil: 0, acc: 0000, samples: 0/0
display  D   display_settings.c:398  _al_score_display_settings       [   0.09417] Single Buffer requirement not met.
display  D   display_settings.c:212  debug_display_settings           [   0.09419] color: 16 (rgba 5650), depth: 24, stencil: 0, acc: 0000, samples: 0/0
display  D   display_settings.c:398  _al_score_display_settings       [   0.09420] Single Buffer requirement not met.
display  D   display_settings.c:212  debug_display_settings           [   0.09422] color: 16 (rgba 5650), depth: 16, stencil: 0, acc: 0000, samples: 0/0
display  D   display_settings.c:398  _al_score_display_settings       [   0.09423] Single Buffer requirement not met.
display  D   display_settings.c:212  debug_display_settings           [   0.09425] color: 16 (rgba 5650), depth: 16, stencil: 0, acc: 0000, samples: 0/0
display  D   display_settings.c:398  _al_score_display_settings       [   0.09426] Single Buffer requirement not met.
d3d      D         d3d_disp.cpp:1668 d3d_create_display_internals     [   0.09429] Trying format 0.
d3d      I         d3d_disp.cpp:1344 d3d_display_thread_proc          [   0.09491] Chose a display format: 23
d3d      I         d3d_disp.cpp:1413 d3d_display_thread_proc          [   0.09494] Normal window.
d3d      I         d3d_disp.cpp:781  d3d_create_device                [   0.11628] Using no depth stencil buffer
d3d      D         d3d_disp.cpp:839  d3d_create_device                [   0.13335] BeginScene succeeded in create_device
d3d      D         d3d_disp.cpp:847  d3d_create_device                [   0.13340] Success
d3d      D         d3d_disp.cpp:1691 d3d_create_display_internals     [   0.13344] Resumed after wait.
d3d      I         d3d_disp.cpp:1724 d3d_create_display_internals     [   0.13348] Format 0 succeeded.
d3d      D         d3d_disp.cpp:1755 d3d_create_display_internals     [   0.13352] Returning d3d_display: 01554938
d3d      D         d3d_disp.cpp:1780 d3d_create_display_locked        [   0.13354] al_display=01554938
d3d      D         d3d_disp.cpp:1781 d3d_create_display_locked        [   0.13356] al_display->vt=015132C0
system   D            wsystem.c:738  maybe_parent_dir                 [   0.13375] Also searching M:\Game c++\abc\dark_strategy\
system   D            wsystem.c:788  _al_win_safe_load_library        [   0.13392] PathFindOnPath found: C:\WINDOWS\system32\d3dx9_43.dll
system   D            wsystem.c:699  load_library_at_path             [   0.13394] Calling LoadLibrary C:\WINDOWS\system32\d3dx9_43.dll
system   I            wsystem.c:702  load_library_at_path             [   0.14259] Loaded C:\WINDOWS\system32\d3dx9_43.dll
d3dx9    I        d3d_d3dx9.cpp:88   _imp_load_d3dx9_module_version   [   0.14266] Module "d3dx9_43.dll" loaded.
dtor     D               dtor.c:196  _al_register_destructor          [   0.14274] added dtor for queue 015678D8, func 0F6423A1
dtor     D               dtor.c:196  _al_register_destructor          [   0.14277] added dtor for timer 01561720, func 0F641744
stdio    D         file_stdio.c:110  file_stdio_fopen                 [   0.14280] opening Audio/Jackpot.wav rb
wav      I                wav.c:107  wav_open                         [   0.14301] Ignoring chunk: LIST
dtor     D               dtor.c:196  _al_register_destructor          [   0.15622] added dtor for sample 015B6F38, func 0F391406
audio    D          kcm_mixer.c:121  _al_rechannel_matrix             [   0.17843] sample matrix:
audio    D          kcm_mixer.c:127  _al_rechannel_matrix             [   0.17847]  0.707107 0.000000
audio    D          kcm_mixer.c:127  _al_rechannel_matrix             [   0.17849]  0.000000 0.707107
audio    D          kcm_mixer.c:121  _al_rechannel_matrix             [   0.17851] sample matrix:
audio    D          kcm_mixer.c:127  _al_rechannel_matrix             [   0.17853]  2.121320 0.000000
audio    D          kcm_mixer.c:127  _al_rechannel_matrix             [   0.17855]  0.000000 2.121320
stdio    D         file_stdio.c:110  file_stdio_fopen                 [   0.17858] opening Audio/Jump.wav rb
wav      I                wav.c:107  wav_open                         [   0.17871] Ignoring chunk: LIST
dtor     D               dtor.c:196  _al_register_destructor          [   0.17884] added dtor for sample 015B6A28, func 0F391406
stdio    D         file_stdio.c:110  file_stdio_fopen                 [   0.17893] opening Audio/Boing.wav rb
wav      I                wav.c:107  wav_open                         [   0.17901] Ignoring chunk: LIST
dtor     D               dtor.c:196  _al_register_destructor          [   0.17914] added dtor for sample 015B6998, func 0F391406
stdio    D         file_stdio.c:110  file_stdio_fopen                 [   0.17926] opening Data/background.png rb
d3d      D         d3d_disp.cpp:1188 real_choose_bitmap_format        [   0.17943] Fake format
d3d      D         d3d_disp.cpp:1188 real_choose_bitmap_format        [   0.17945] Fake format
d3d      D         d3d_disp.cpp:1188 real_choose_bitmap_format        [   0.17947] Fake format
d3d      D         d3d_disp.cpp:1188 real_choose_bitmap_format        [   0.17948] Fake format
d3d      D         d3d_disp.cpp:1188 real_choose_bitmap_format        [   0.17950] Fake format
d3d      D         d3d_disp.cpp:1188 real_choose_bitmap_format        [   0.17951] Fake format
d3d      D         d3d_disp.cpp:1188 real_choose_bitmap_format        [   0.17953] Fake format
d3d      D         d3d_disp.cpp:1188 real_choose_bitmap_format        [   0.17955] Fake format
d3d      D         d3d_disp.cpp:1188 real_choose_bitmap_format        [   0.17957] Fake format
d3d      D         d3d_disp.cpp:1196 real_choose_bitmap_format        [   0.17959] Alpha doesn't match
d3d      D         d3d_disp.cpp:1203 real_choose_bitmap_format        [   0.17961] Adapter format is 23
d3d      D         d3d_disp.cpp:1206 real_choose_bitmap_format        [   0.17962] Found a format
d3d      I         d3d_disp.cpp:2377 d3d_create_bitmap                [   0.17964] Chose bitmap format 9
dtor     D               dtor.c:196  _al_register_destructor          [   0.18043] added dtor for bitmap 0E3FFD40, func 0F642252
stdio    D         file_stdio.c:110  file_stdio_fopen                 [   0.19277] opening Data/background2.jpg rb
d3d      D         d3d_disp.cpp:1188 real_choose_bitmap_format        [   0.19299] Fake format
d3d      D         d3d_disp.cpp:1188 real_choose_bitmap_format        [   0.19302] Fake format
d3d      D         d3d_disp.cpp:1188 real_choose_bitmap_format        [   0.19304] Fake format
d3d      D         d3d_disp.cpp:1188 real_choose_bitmap_format        [   0.19305] Fake format
d3d      D         d3d_disp.cpp:1188 real_choose_bitmap_format        [   0.19307] Fake format
d3d      D         d3d_disp.cpp:1188 real_choose_bitmap_format        [   0.19309] Fake format
d3d      D         d3d_disp.cpp:1188 real_choose_bitmap_format        [   0.19311] Fake format
d3d      D         d3d_disp.cpp:1188 real_choose_bitmap_format        [   0.19312] Fake format
d3d      D         d3d_disp.cpp:1188 real_choose_bitmap_format        [   0.19314] Fake format
d3d      D         d3d_disp.cpp:1196 real_choose_bitmap_format        [   0.19316] Alpha doesn't match
d3d      D         d3d_disp.cpp:1203 real_choose_bitmap_format        [   0.19318] Adapter format is 23
d3d      D         d3d_disp.cpp:1206 real_choose_bitmap_format        [   0.19319] Found a format
d3d      I         d3d_disp.cpp:2377 d3d_create_bitmap                [   0.19321] Chose bitmap format 9
dtor     D               dtor.c:196  _al_register_destructor          [   0.19384] added dtor for bitmap 0EA41E70, func 0F642252
stdio    D         file_stdio.c:110  file_stdio_fopen                 [   0.20325] opening Data/play_on.png rb
d3d      D         d3d_disp.cpp:1188 real_choose_bitmap_format        [   0.20343] Fake format
d3d      D         d3d_disp.cpp:1188 real_choose_bitmap_format        [   0.20345] Fake format
d3d      D         d3d_disp.cpp:1188 real_choose_bitmap_format        [   0.20347] Fake format
d3d      D         d3d_disp.cpp:1188 real_choose_bitmap_format        [   0.20349] Fake format
d3d      D         d3d_disp.cpp:1188 real_choose_bitmap_format        [   0.20350] Fake format
d3d      D         d3d_disp.cpp:1188 real_choose_bitmap_format        [   0.20352] Fake format
d3d      D         d3d_disp.cpp:1188 real_choose_bitmap_format        [   0.20353] Fake format
d3d      D         d3d_disp.cpp:1188 real_choose_bitmap_format        [   0.20355] Fake format
d3d      D         d3d_disp.cpp:1188 real_choose_bitmap_format        [   0.20357] Fake format
d3d      D         d3d_disp.cpp:1196 real_choose_bitmap_format        [   0.20358] Alpha doesn't match
d3d      D         d3d_disp.cpp:1203 real_choose_bitmap_format        [   0.20360] Adapter format is 23
d3d      D         d3d_disp.cpp:1206 real_choose_bitmap_format        [   0.20362] Found a format
d3d      I         d3d_disp.cpp:2377 d3d_create_bitmap                [   0.20364] Chose bitmap format 9
dtor     D               dtor.c:196  _al_register_destructor          [   0.20389] added dtor for bitmap 0E3FEB78, func 0F642252
stdio    D         file_stdio.c:110  file_stdio_fopen                 [   0.20764] opening Data/score_on.png rb
d3d      D         d3d_disp.cpp:1188 real_choose_bitmap_format        [   0.20781] Fake format
d3d      D         d3d_disp.cpp:1188 real_choose_bitmap_format        [   0.20784] Fake format
d3d      D         d3d_disp.cpp:1188 real_choose_bitmap_format        [   0.20786] Fake format
d3d      D         d3d_disp.cpp:1188 real_choose_bitmap_format        [   0.20788] Fake format
d3d      D         d3d_disp.cpp:1188 real_choose_bitmap_format        [   0.20790] Fake format
d3d      D         d3d_disp.cpp:1188 real_choose_bitmap_format        [   0.20792] Fake format
d3d      D         d3d_disp.cpp:1188 real_choose_bitmap_format        [   0.20794] Fake format
d3d      D         d3d_disp.cpp:1188 real_choose_bitmap_format        [   0.20795] Fake format
d3d      D         d3d_disp.cpp:1188 real_choose_bitmap_format        [   0.20797] Fake format
d3d      D         d3d_disp.cpp:1196 real_choose_bitmap_format        [   0.20798] Alpha doesn't match
d3d      D         d3d_disp.cpp:1203 real_choose_bitmap_format        [   0.20800] Adapter format is 23
d3d      D         d3d_disp.cpp:1206 real_choose_bitmap_format        [   0.20803] Found a format
d3d      I         d3d_disp.cpp:2377 d3d_create_bitmap                [   0.20805] Chose bitmap format 9
dtor     D               dtor.c:196  _al_register_destructor          [   0.21342] added dtor for bitmap 0EA40258, func 0F642252
stdio    D         file_stdio.c:110  file_stdio_fopen                 [   0.21375] opening Data/option_on.png rb
d3d      D         d3d_disp.cpp:1188 real_choose_bitmap_format        [   0.21388] Fake format
d3d      D         d3d_disp.cpp:1188 real_choose_bitmap_format        [   0.21391] Fake format
d3d      D         d3d_disp.cpp:1188 real_choose_bitmap_format        [   0.21393] Fake format
d3d      D         d3d_disp.cpp:1188 real_choose_bitmap_format        [   0.21395] Fake format
d3d      D         d3d_disp.cpp:1188 real_choose_bitmap_format        [   0.21396] Fake format
d3d      D         d3d_disp.cpp:1188 real_choose_bitmap_format        [   0.21398] Fake format
d3d      D         d3d_disp.cpp:1188 real_choose_bitmap_format        [   0.21400] Fake format
d3d      D         d3d_disp.cpp:1188 real_choose_bitmap_format        [   0.21401] Fake format
d3d      D         d3d_disp.cpp:1188 real_choose_bitmap_format        [   0.21403] Fake format
d3d      D         d3d_disp.cpp:1196 real_choose_bitmap_format        [   0.21405] Alpha doesn't match
d3d      D         d3d_disp.cpp:1203 real_choose_bitmap_format        [   0.21406] Adapter format is 23
d3d      D         d3d_disp.cpp:1206 real_choose_bitmap_format        [   0.21408] Found a format
d3d      I         d3d_disp.cpp:2377 d3d_create_bitmap                [   0.21410] Chose bitmap format 9
dtor     D               dtor.c:196  _al_register_destructor          [   0.21427] added dtor for bitmap 0EA41C98, func 0F642252
stdio    D         file_stdio.c:110  file_stdio_fopen                 [   0.21458] opening Data/score_bar.png rb
d3d      D         d3d_disp.cpp:1188 real_choose_bitmap_format        [   0.21471] Fake format
d3d      D         d3d_disp.cpp:1188 real_choose_bitmap_format        [   0.21473] Fake format
d3d      D         d3d_disp.cpp:1188 real_choose_bitmap_format        [   0.21475] Fake format
d3d      D         d3d_disp.cpp:1188 real_choose_bitmap_format        [   0.21477] Fake format
d3d      D         d3d_disp.cpp:1188 real_choose_bitmap_format        [   0.21478] Fake format
d3d      D         d3d_disp.cpp:1188 real_choose_bitmap_format        [   0.21480] Fake format
d3d      D         d3d_disp.cpp:1188 real_choose_bitmap_format        [   0.21482] Fake format
d3d      D         d3d_disp.cpp:1188 real_choose_bitmap_format        [   0.21484] Fake format
d3d      D         d3d_disp.cpp:1188 real_choose_bitmap_format        [   0.21485] Fake format
d3d      D         d3d_disp.cpp:1196 real_choose_bitmap_format        [   0.21487] Alpha doesn't match
d3d      D         d3d_disp.cpp:1203 real_choose_bitmap_format        [   0.21489] Adapter format is 23
d3d      D         d3d_disp.cpp:1206 real_choose_bitmap_format        [   0.21491] Found a format
d3d      I         d3d_disp.cpp:2377 d3d_create_bitmap                [   0.21493] Chose bitmap format 9
dtor     D               dtor.c:196  _al_register_destructor          [   0.21510] added dtor for bitmap 0EA40070, func 0F642252
stdio    D         file_stdio.c:110  file_stdio_fopen                 [   0.21558] opening Data/open_spring.png rb
d3d      D         d3d_disp.cpp:1188 real_choose_bitmap_format        [   0.21573] Fake format
d3d      D         d3d_disp.cpp:1188 real_choose_bitmap_format        [   0.21575] Fake format
d3d      D         d3d_disp.cpp:1188 real_choose_bitmap_format        [   0.21577] Fake format
d3d      D         d3d_disp.cpp:1188 real_choose_bitmap_format        [   0.21579] Fake format
d3d      D         d3d_disp.cpp:1188 real_choose_bitmap_format        [   0.21581] Fake format
d3d      D         d3d_disp.cpp:1188 real_choose_bitmap_format        [   0.21582] Fake format
d3d      D         d3d_disp.cpp:1188 real_choose_bitmap_format        [   0.21584] Fake format
d3d      D         d3d_disp.cpp:1188 real_choose_bitmap_format        [   0.21586] Fake format
d3d      D         d3d_disp.cpp:1188 real_choose_bitmap_format        [   0.21588] Fake format
d3d      D         d3d_disp.cpp:1196 real_choose_bitmap_format        [   0.21589] Alpha doesn't match
d3d      D         d3d_disp.cpp:1203 real_choose_bitmap_format        [   0.21591] Adapter format is 23
d3d      D         d3d_disp.cpp:1206 real_choose_bitmap_format        [   0.21593] Found a format
d3d      I         d3d_disp.cpp:2377 d3d_create_bitmap                [   0.21595] Chose bitmap format 9
dtor     D               dtor.c:196  _al_register_destructor          [   0.21615] added dtor for bitmap 0E3FF690, func 0F642252
stdio    D         file_stdio.c:110  file_stdio_fopen                 [   0.21627] opening Data/closed_spring.png rb
d3d      D         d3d_disp.cpp:1188 real_choose_bitmap_format        [   0.21639] Fake format
d3d      D         d3d_disp.cpp:1188 real_choose_bitmap_format        [   0.21642] Fake format
d3d      D         d3d_disp.cpp:1188 real_choose_bitmap_format        [   0.21643] Fake format
d3d      D         d3d_disp.cpp:1188 real_choose_bitmap_format        [   0.21645] Fake format
d3d      D         d3d_disp.cpp:1188 real_choose_bitmap_format        [   0.21647] Fake format
d3d      D         d3d_disp.cpp:1188 real_choose_bitmap_format        [   0.21649] Fake format
d3d      D         d3d_disp.cpp:1188 real_choose_bitmap_format        [   0.21650] Fake format
d3d      D         d3d_disp.cpp:1188 real_choose_bitmap_format        [   0.21652] Fake format
d3d      D         d3d_disp.cpp:1188 real_choose_bitmap_format        [   0.21654] Fake format
d3d      D         d3d_disp.cpp:1196 real_choose_bitmap_format        [   0.21656] Alpha doesn't match
d3d      D         d3d_disp.cpp:1203 real_choose_bitmap_format        [   0.21657] Adapter format is 23
d3d      D         d3d_disp.cpp:1206 real_choose_bitmap_format        [   0.21659] Found a format
d3d      I         d3d_disp.cpp:2377 d3d_create_bitmap                [   0.21661] Chose bitmap format 9
dtor     D               dtor.c:196  _al_register_destructor          [   0.21673] added dtor for bitmap 0E3FFB98, func 0F642252
stdio    D         file_stdio.c:110  file_stdio_fopen                 [   0.21681] opening Data/rocket_on_ground.png rb
d3d      D         d3d_disp.cpp:1188 real_choose_bitmap_format        [   0.21692] Fake format
d3d      D         d3d_disp.cpp:1188 real_choose_bitmap_format        [   0.21694] Fake format
d3d      D         d3d_disp.cpp:1188 real_choose_bitmap_format        [   0.21696] Fake format
d3d      D         d3d_disp.cpp:1188 real_choose_bitmap_format        [   0.21697] Fake format
d3d      D         d3d_disp.cpp:1188 real_choose_bitmap_format        [   0.21699] Fake format
d3d      D         d3d_disp.cpp:1188 real_choose_bitmap_format        [   0.21700] Fake format
d3d      D         d3d_disp.cpp:1188 real_choose_bitmap_format        [   0.21702] Fake format
d3d      D         d3d_disp.cpp:1188 real_choose_bitmap_format        [   0.21704] Fake format
d3d      D         d3d_disp.cpp:1188 real_choose_bitmap_format        [   0.21706] Fake format
d3d      D         d3d_disp.cpp:1196 real_choose_bitmap_format        [   0.21708] Alpha doesn't match
d3d      D         d3d_disp.cpp:1203 real_choose_bitmap_format        [   0.21709] Adapter format is 23
d3d      D         d3d_disp.cpp:1206 real_choose_bitmap_format        [   0.21711] Found a format
d3d      I         d3d_disp.cpp:2377 d3d_create_bitmap                [   0.21713] Chose bitmap format 9
dtor     D               dtor.c:196  _al_register_destructor          [   0.21726] added dtor for bitmap 0EA41848, func 0F642252
stdio    D         file_stdio.c:110  file_stdio_fopen                 [   0.21742] opening Data/rocket_on_fire.png rb
d3d      D         d3d_disp.cpp:1188 real_choose_bitmap_format        [   0.21752] Fake format
d3d      D         d3d_disp.cpp:1188 real_choose_bitmap_format        [   0.21754] Fake format
d3d      D         d3d_disp.cpp:1188 real_choose_bitmap_format        [   0.21755] Fake format
d3d      D         d3d_disp.cpp:1188 real_choose_bitmap_format        [   0.21757] Fake format
d3d      D         d3d_disp.cpp:1188 real_choose_bitmap_format        [   0.21759] Fake format
d3d      D         d3d_disp.cpp:1188 real_choose_bitmap_format        [   0.21760] Fake format
d3d      D         d3d_disp.cpp:1188 real_choose_bitmap_format        [   0.21762] Fake format
d3d      D         d3d_disp.cpp:1188 real_choose_bitmap_format        [   0.21763] Fake format
d3d      D         d3d_disp.cpp:1188 real_choose_bitmap_format        [   0.21765] Fake format
d3d      D         d3d_disp.cpp:1196 real_choose_bitmap_format        [   0.21767] Alpha doesn't match
d3d      D         d3d_disp.cpp:1203 real_choose_bitmap_format        [   0.21768] Adapter format is 23
d3d      D         d3d_disp.cpp:1206 real_choose_bitmap_format        [   0.21770] Found a format
d3d      I         d3d_disp.cpp:2377 d3d_create_bitmap                [   0.21772] Chose bitmap format 9
dtor     D               dtor.c:196  _al_register_destructor          [   0.21795] added dtor for bitmap 0E3FF500, func 0F642252
stdio    D         file_stdio.c:110  file_stdio_fopen                 [   0.21939] opening Data/pause_icon.png rb
d3d      D         d3d_disp.cpp:1188 real_choose_bitmap_format        [   0.21951] Fake format
d3d      D         d3d_disp.cpp:1188 real_choose_bitmap_format        [   0.21953] Fake format
d3d      D         d3d_disp.cpp:1188 real_choose_bitmap_format        [   0.21954] Fake format
d3d      D         d3d_disp.cpp:1188 real_choose_bitmap_format        [   0.21956] Fake format
d3d      D         d3d_disp.cpp:1188 real_choose_bitmap_format        [   0.21957] Fake format
d3d      D         d3d_disp.cpp:1188 real_choose_bitmap_format        [   0.21959] Fake format
d3d      D         d3d_disp.cpp:1188 real_choose_bitmap_format        [   0.21961] Fake format
d3d      D         d3d_disp.cpp:1188 real_choose_bitmap_format        [   0.21962] Fake format
d3d      D         d3d_disp.cpp:1188 real_choose_bitmap_format        [   0.21964] Fake format
d3d      D         d3d_disp.cpp:1196 real_choose_bitmap_format        [   0.21965] Alpha doesn't match
d3d      D         d3d_disp.cpp:1203 real_choose_bitmap_format        [   0.21967] Adapter format is 23
d3d      D         d3d_disp.cpp:1206 real_choose_bitmap_format        [   0.21969] Found a format
d3d      I         d3d_disp.cpp:2377 d3d_create_bitmap                [   0.21971] Chose bitmap format 9
dtor     D               dtor.c:196  _al_register_destructor          [   0.21988] added dtor for bitmap 0EA7A8B0, func 0F642252
stdio    D         file_stdio.c:110  file_stdio_fopen                 [   0.22047] opening Data/pause_icon_on.png rb
d3d      D         d3d_disp.cpp:1188 real_choose_bitmap_format        [   0.22059] Fake format
d3d      D         d3d_disp.cpp:1188 real_choose_bitmap_format        [   0.22061] Fake format
d3d      D         d3d_disp.cpp:1188 real_choose_bitmap_format        [   0.22063] Fake format
d3d      D         d3d_disp.cpp:1188 real_choose_bitmap_format        [   0.22065] Fake format
d3d      D         d3d_disp.cpp:1188 real_choose_bitmap_format        [   0.22067] Fake format
d3d      D         d3d_disp.cpp:1188 real_choose_bitmap_format        [   0.22068] Fake format
d3d      D         d3d_disp.cpp:1188 real_choose_bitmap_format        [   0.22070] Fake format
d3d      D         d3d_disp.cpp:1188 real_choose_bitmap_format        [   0.22072] Fake format
d3d      D         d3d_disp.cpp:1188 real_choose_bitmap_format        [   0.22073] Fake format
d3d      D         d3d_disp.cpp:1196 real_choose_bitmap_format        [   0.22075] Alpha doesn't match
d3d      D         d3d_disp.cpp:1203 real_choose_bitmap_format        [   0.22077] Adapter format is 23
d3d      D         d3d_disp.cpp:1206 real_choose_bitmap_format        [   0.22079] Found a format
d3d      I         d3d_disp.cpp:2377 d3d_create_bitmap                [   0.22080] Chose bitmap format 9
dtor     D               dtor.c:196  _al_register_destructor          [   0.22096] added dtor for bitmap 0EA7AA28, func 0F642252
stdio    D         file_stdio.c:110  file_stdio_fopen                 [   0.22227] opening Data/dead.png rb
d3d      D         d3d_disp.cpp:1188 real_choose_bitmap_format        [   0.22246] Fake format
d3d      D         d3d_disp.cpp:1188 real_choose_bitmap_format        [   0.22249] Fake format
d3d      D         d3d_disp.cpp:1188 real_choose_bitmap_format        [   0.22251] Fake format
d3d      D         d3d_disp.cpp:1188 real_choose_bitmap_format        [   0.22253] Fake format
d3d      D         d3d_disp.cpp:1188 real_choose_bitmap_format        [   0.22254] Fake format
d3d      D         d3d_disp.cpp:1188 real_choose_bitmap_format        [   0.22256] Fake format
d3d      D         d3d_disp.cpp:1188 real_choose_bitmap_format        [   0.22258] Fake format
d3d      D         d3d_disp.cpp:1188 real_choose_bitmap_format        [   0.22259] Fake format
d3d      D         d3d_disp.cpp:1188 real_choose_bitmap_format        [   0.22261] Fake format
d3d      D         d3d_disp.cpp:1196 real_choose_bitmap_format        [   0.22263] Alpha doesn't match
d3d      D         d3d_disp.cpp:1203 real_choose_bitmap_format        [   0.22265] Adapter format is 23
d3d      D         d3d_disp.cpp:1206 real_choose_bitmap_format        [   0.22267] Found a format
d3d      I         d3d_disp.cpp:2377 d3d_create_bitmap                [   0.22268] Chose bitmap format 9
dtor     D               dtor.c:196  _al_register_destructor          [   0.22291] added dtor for bitmap 0EA7A688, func 0F642252
stdio    D         file_stdio.c:110  file_stdio_fopen                 [   0.22443] opening Data/game_over.png rb
d3d      D         d3d_disp.cpp:1188 real_choose_bitmap_format        [   0.22500] Fake format
d3d      D         d3d_disp.cpp:1188 real_choose_bitmap_format        [   0.22502] Fake format
d3d      D         d3d_disp.cpp:1188 real_choose_bitmap_format        [   0.22504] Fake format
d3d      D         d3d_disp.cpp:1188 real_choose_bitmap_format        [   0.22506] Fake format
d3d      D         d3d_disp.cpp:1188 real_choose_bitmap_format        [   0.22508] Fake format
d3d      D         d3d_disp.cpp:1188 real_choose_bitmap_format        [   0.22509] Fake format
d3d      D         d3d_disp.cpp:1188 real_choose_bitmap_format        [   0.22511] Fake format
d3d      D         d3d_disp.cpp:1188 real_choose_bitmap_format        [   0.22513] Fake format
d3d      D         d3d_disp.cpp:1188 real_choose_bitmap_format        [   0.22514] Fake format
d3d      D         d3d_disp.cpp:1196 real_choose_bitmap_format        [   0.22516] Alpha doesn't match
d3d      D         d3d_disp.cpp:1203 real_choose_bitmap_format        [   0.22519] Adapter format is 23
d3d      D         d3d_disp.cpp:1206 real_choose_bitmap_format        [   0.22520] Found a format
d3d      I         d3d_disp.cpp:2377 d3d_create_bitmap                [   0.22522] Chose bitmap format 9
dtor     D               dtor.c:196  _al_register_destructor          [   0.22546] added dtor for bitmap 0EA419C0, func 0F642252
stdio    D         file_stdio.c:110  file_stdio_fopen                 [   0.22618] opening Data/restart_flag.png rb
d3d      D         d3d_disp.cpp:1188 real_choose_bitmap_format        [   0.22635] Fake format
d3d      D         d3d_disp.cpp:1188 real_choose_bitmap_format        [   0.22637] Fake format
d3d      D         d3d_disp.cpp:1188 real_choose_bitmap_format        [   0.22638] Fake format
d3d      D         d3d_disp.cpp:1188 real_choose_bitmap_format        [   0.22640] Fake format
d3d      D         d3d_disp.cpp:1188 real_choose_bitmap_format        [   0.22642] Fake format
d3d      D         d3d_disp.cpp:1188 real_choose_bitmap_format        [   0.22643] Fake format
d3d      D         d3d_disp.cpp:1188 real_choose_bitmap_format        [   0.22645] Fake format
d3d      D         d3d_disp.cpp:1188 real_choose_bitmap_format        [   0.22647] Fake format
d3d      D         d3d_disp.cpp:1188 real_choose_bitmap_format        [   0.22649] Fake format
d3d      D         d3d_disp.cpp:1196 real_choose_bitmap_format        [   0.22650] Alpha doesn't match
d3d      D         d3d_disp.cpp:1203 real_choose_bitmap_format        [   0.22652] Adapter format is 23
d3d      D         d3d_disp.cpp:1206 real_choose_bitmap_format        [   0.22654] Found a format
d3d      I         d3d_disp.cpp:2377 d3d_create_bitmap                [   0.22656] Chose bitmap format 9
dtor     D               dtor.c:196  _al_register_destructor          [   0.22699] added dtor for bitmap 0EA7AFF0, func 0F642252
stdio    D         file_stdio.c:110  file_stdio_fopen                 [   0.23045] opening Data/restart_flag_on.png rb
d3d      D         d3d_disp.cpp:1188 real_choose_bitmap_format        [   0.23062] Fake format
d3d      D         d3d_disp.cpp:1188 real_choose_bitmap_format        [   0.23065] Fake format
d3d      D         d3d_disp.cpp:1188 real_choose_bitmap_format        [   0.23067] Fake format
d3d      D         d3d_disp.cpp:1188 real_choose_bitmap_format        [   0.23068] Fake format
d3d      D         d3d_disp.cpp:1188 real_choose_bitmap_format        [   0.23070] Fake format
d3d      D         d3d_disp.cpp:1188 real_choose_bitmap_format        [   0.23072] Fake format
d3d      D         d3d_disp.cpp:1188 real_choose_bitmap_format        [   0.23073] Fake format
d3d      D         d3d_disp.cpp:1188 real_choose_bitmap_format        [   0.23075] Fake format
d3d      D         d3d_disp.cpp:1188 real_choose_bitmap_format        [   0.23077] Fake format
d3d      D         d3d_disp.cpp:1196 real_choose_bitmap_format        [   0.23078] Alpha doesn't match
d3d      D         d3d_disp.cpp:1203 real_choose_bitmap_format        [   0.23080] Adapter format is 23
d3d      D         d3d_disp.cpp:1206 real_choose_bitmap_format        [   0.23082] Found a format
d3d      I         d3d_disp.cpp:2377 d3d_create_bitmap                [   0.23083] Chose bitmap format 9
dtor     D               dtor.c:196  _al_register_destructor          [   0.23137] added dtor for bitmap 0EBEB8E8, func 0F642252
stdio    D         file_stdio.c:110  file_stdio_fopen                 [   0.23494] opening andy.ttf rb
font     D                ttf.c:937  al_load_ttf_font_stretch_f       [   0.23534] Font andy.ttf loaded with pixel size 0 x 16.
font     D                ttf.c:939  al_load_ttf_font_stretch_f       [   0.23537]     ascent=16.0, descent=0.0, height=16.0
dtor     D               dtor.c:196  _al_register_destructor          [   0.23540] added dtor for ttf_font 0EA7B398, func 0FBD105F
stdio    D         file_stdio.c:110  file_stdio_fopen                 [   0.23543] opening Data/green_platform.png rb
d3d      D         d3d_disp.cpp:1188 real_choose_bitmap_format        [   0.23555] Fake format
d3d      D         d3d_disp.cpp:1188 real_choose_bitmap_format        [   0.23557] Fake format
d3d      D         d3d_disp.cpp:1188 real_choose_bitmap_format        [   0.23558] Fake format
d3d      D         d3d_disp.cpp:1188 real_choose_bitmap_format        [   0.23560] Fake format
d3d      D         d3d_disp.cpp:1188 real_choose_bitmap_format        [   0.23562] Fake format
d3d      D         d3d_disp.cpp:1188 real_choose_bitmap_format        [   0.23564] Fake format
d3d      D         d3d_disp.cpp:1188 real_choose_bitmap_format        [   0.23566] Fake format
d3d      D         d3d_disp.cpp:1188 real_choose_bitmap_format        [   0.23567] Fake format
d3d      D         d3d_disp.cpp:1188 real_choose_bitmap_format        [   0.23569] Fake format
d3d      D         d3d_disp.cpp:1196 real_choose_bitmap_format        [   0.23571] Alpha doesn't match
d3d      D         d3d_disp.cpp:1203 real_choose_bitmap_format        [   0.23572] Adapter format is 23
d3d      D         d3d_disp.cpp:1206 real_choose_bitmap_format        [   0.23574] Found a format
d3d      I         d3d_disp.cpp:2377 d3d_create_bitmap                [   0.23576] Chose bitmap format 9
dtor     D               dtor.c:196  _al_register_destructor          [   0.23596] added dtor for bitmap 0EBEE838, func 0F642252
stdio    D         file_stdio.c:110  file_stdio_fopen                 [   0.23620] opening Data/yellow_platform.png rb
d3d      D         d3d_disp.cpp:1188 real_choose_bitmap_format        [   0.23631] Fake format
d3d      D         d3d_disp.cpp:1188 real_choose_bitmap_format        [   0.23633] Fake format
d3d      D         d3d_disp.cpp:1188 real_choose_bitmap_format        [   0.23635] Fake format
d3d      D         d3d_disp.cpp:1188 real_choose_bitmap_format        [   0.23637] Fake format
d3d      D         d3d_disp.cpp:1188 real_choose_bitmap_format        [   0.23639] Fake format
d3d      D         d3d_disp.cpp:1188 real_choose_bitmap_format        [   0.23640] Fake format
d3d      D         d3d_disp.cpp:1188 real_choose_bitmap_format        [   0.23642] Fake format
d3d      D         d3d_disp.cpp:1188 real_choose_bitmap_format        [   0.23644] Fake format
d3d      D         d3d_disp.cpp:1188 real_choose_bitmap_format        [   0.23645] Fake format
d3d      D         d3d_disp.cpp:1196 real_choose_bitmap_format        [   0.23647] Alpha doesn't match
d3d      D         d3d_disp.cpp:1203 real_choose_bitmap_format        [   0.23649] Adapter format is 23
d3d      D         d3d_disp.cpp:1206 real_choose_bitmap_format        [   0.23651] Found a format
d3d      I         d3d_disp.cpp:2377 d3d_create_bitmap                [   0.23652] Chose bitmap format 9
dtor     D               dtor.c:196  _al_register_destructor          [   0.23669] added dtor for bitmap 0EBF2EE8, func 0F642252
stdio    D         file_stdio.c:110  file_stdio_fopen                 [   0.23682] opening Data/brown_platform.png rb
d3d      D         d3d_disp.cpp:1188 real_choose_bitmap_format        [   0.23692] Fake format
d3d      D         d3d_disp.cpp:1188 real_choose_bitmap_format        [   0.23694] Fake format
d3d      D         d3d_disp.cpp:1188 real_choose_bitmap_format        [   0.23696] Fake format
d3d      D         d3d_disp.cpp:1188 real_choose_bitmap_format        [   0.23697] Fake format
d3d      D         d3d_disp.cpp:1188 real_choose_bitmap_format        [   0.23699] Fake format
d3d      D         d3d_disp.cpp:1188 real_choose_bitmap_format        [   0.23701] Fake format
d3d      D         d3d_disp.cpp:1188 real_choose_bitmap_format        [   0.23702] Fake format
d3d      D         d3d_disp.cpp:1188 real_choose_bitmap_format        [   0.23704] Fake format
d3d      D         d3d_disp.cpp:1188 real_choose_bitmap_format        [   0.23706] Fake format
d3d      D         d3d_disp.cpp:1196 real_choose_bitmap_format        [   0.23707] Alpha doesn't match
d3d      D         d3d_disp.cpp:1203 real_choose_bitmap_format        [   0.23709] Adapter format is 23
d3d      D         d3d_disp.cpp:1206 real_choose_bitmap_format        [   0.23711] Found a format
d3d      I         d3d_disp.cpp:2377 d3d_create_bitmap                [   0.23713] Chose bitmap format 9
dtor     D               dtor.c:196  _al_register_destructor          [   0.23725] added dtor for bitmap 0EBF34C8, func 0F642252
stdio    D         file_stdio.c:110  file_stdio_fopen                 [   0.23738] opening Data/break_brown_platform.png rb
d3d      D         d3d_disp.cpp:1188 real_choose_bitmap_format        [   0.23749] Fake format
d3d      D         d3d_disp.cpp:1188 real_choose_bitmap_format        [   0.23751] Fake format
d3d      D         d3d_disp.cpp:1188 real_choose_bitmap_format        [   0.23753] Fake format
d3d      D         d3d_disp.cpp:1188 real_choose_bitmap_format        [   0.23754] Fake format
d3d      D         d3d_disp.cpp:1188 real_choose_bitmap_format        [   0.23756] Fake format
d3d      D         d3d_disp.cpp:1188 real_choose_bitmap_format        [   0.23758] Fake format
d3d      D         d3d_disp.cpp:1188 real_choose_bitmap_format        [   0.23759] Fake format
d3d      D         d3d_disp.cpp:1188 real_choose_bitmap_format        [   0.23761] Fake format
d3d      D         d3d_disp.cpp:1188 real_choose_bitmap_format        [   0.23763] Fake format
d3d      D         d3d_disp.cpp:1196 real_choose_bitmap_format        [   0.23764] Alpha doesn't match
d3d      D         d3d_disp.cpp:1203 real_choose_bitmap_format        [   0.23766] Adapter format is 23
d3d      D         d3d_disp.cpp:1206 real_choose_bitmap_format        [   0.23768] Found a format
d3d      I         d3d_disp.cpp:2377 d3d_create_bitmap                [   0.23770] Chose bitmap format 9
dtor     D               dtor.c:196  _al_register_destructor          [   0.23798] added dtor for bitmap 0EBF3640, func 0F642252
stdio    D         file_stdio.c:110  file_stdio_fopen                 [   0.23849] opening Data/blue_platform.png rb
d3d      D         d3d_disp.cpp:1188 real_choose_bitmap_format        [   0.23870] Fake format
d3d      D         d3d_disp.cpp:1188 real_choose_bitmap_format        [   0.23873] Fake format
d3d      D         d3d_disp.cpp:1188 real_choose_bitmap_format        [   0.23875] Fake format
d3d      D         d3d_disp.cpp:1188 real_choose_bitmap_format        [   0.23879] Fake format
d3d      D         d3d_disp.cpp:1188 real_choose_bitmap_format        [   0.23881] Fake format
d3d      D         d3d_disp.cpp:1188 real_choose_bitmap_format        [   0.23885] Fake format
d3d      D         d3d_disp.cpp:1188 real_choose_bitmap_format        [   0.23888] Fake format
d3d      D         d3d_disp.cpp:1188 real_choose_bitmap_format        [   0.23891] Fake format
d3d      D         d3d_disp.cpp:1188 real_choose_bitmap_format        [   0.23894] Fake format
d3d      D         d3d_disp.cpp:1196 real_choose_bitmap_format        [   0.23898] Alpha doesn't match
d3d      D         d3d_disp.cpp:1203 real_choose_bitmap_format        [   0.23902] Adapter format is 23
d3d      D         d3d_disp.cpp:1206 real_choose_bitmap_format        [   0.23910] Found a format
d3d      I         d3d_disp.cpp:2377 d3d_create_bitmap                [   0.23921] Chose bitmap format 9
dtor     D               dtor.c:196  _al_register_destructor          [   0.24028] added dtor for bitmap 0EBF37B8, func 0F642252
stdio    D         file_stdio.c:110  file_stdio_fopen                 [   0.24049] opening Data/white_platform.png rb
d3d      D         d3d_disp.cpp:1188 real_choose_bitmap_format        [   0.24063] Fake format
d3d      D         d3d_disp.cpp:1188 real_choose_bitmap_format        [   0.24065] Fake format
d3d      D         d3d_disp.cpp:1188 real_choose_bitmap_format        [   0.24067] Fake format
d3d      D         d3d_disp.cpp:1188 real_choose_bitmap_format        [   0.24068] Fake format
d3d      D         d3d_disp.cpp:1188 real_choose_bitmap_format        [   0.24070] Fake format
d3d      D         d3d_disp.cpp:1188 real_choose_bitmap_format        [   0.24072] Fake format
d3d      D         d3d_disp.cpp:1188 real_choose_bitmap_format        [   0.24073] Fake format
d3d      D         d3d_disp.cpp:1188 real_choose_bitmap_format        [   0.24075] Fake format
d3d      D         d3d_disp.cpp:1188 real_choose_bitmap_format        [   0.24076] Fake format
d3d      D         d3d_disp.cpp:1196 real_choose_bitmap_format        [   0.24078] Alpha doesn't match
d3d      D         d3d_disp.cpp:1203 real_choose_bitmap_format        [   0.24080] Adapter format is 23
d3d      D         d3d_disp.cpp:1206 real_choose_bitmap_format        [   0.24082] Found a format
d3d      I         d3d_disp.cpp:2377 d3d_create_bitmap                [   0.24084] Chose bitmap format 9
dtor     D               dtor.c:196  _al_register_destructor          [   0.24099] added dtor for bitmap 0EBF3350, func 0F642252
stdio    D         file_stdio.c:110  file_stdio_fopen                 [   0.24113] opening Init/init.ini r
stdio    D         file_stdio.c:110  file_stdio_fopen                 [   0.24137] opening Data/jumping.png rb
d3d      D         d3d_disp.cpp:1188 real_choose_bitmap_format        [   0.24147] Fake format
d3d      D         d3d_disp.cpp:1188 real_choose_bitmap_format        [   0.24149] Fake format
d3d      D         d3d_disp.cpp:1188 real_choose_bitmap_format        [   0.24151] Fake format
d3d      D         d3d_disp.cpp:1188 real_choose_bitmap_format        [   0.24152] Fake format
d3d      D         d3d_disp.cpp:1188 real_choose_bitmap_format        [   0.24154] Fake format
d3d      D         d3d_disp.cpp:1188 real_choose_bitmap_format        [   0.24156] Fake format
d3d      D         d3d_disp.cpp:1188 real_choose_bitmap_format        [   0.24157] Fake format
d3d      D         d3d_disp.cpp:1188 real_choose_bitmap_format        [   0.24159] Fake format
d3d      D         d3d_disp.cpp:1188 real_choose_bitmap_format        [   0.24161] Fake format
d3d      D         d3d_disp.cpp:1196 real_choose_bitmap_format        [   0.24162] Alpha doesn't match
d3d      D         d3d_disp.cpp:1203 real_choose_bitmap_format        [   0.24164] Adapter format is 23
d3d      D         d3d_disp.cpp:1206 real_choose_bitmap_format        [   0.24166] Found a format
d3d      I         d3d_disp.cpp:2377 d3d_create_bitmap                [   0.24168] Chose bitmap format 9
dtor     D               dtor.c:196  _al_register_destructor          [   0.24184] added dtor for bitmap 0EBF2A80, func 0F642252
stdio    D         file_stdio.c:110  file_stdio_fopen                 [   0.24205] opening Data/falling.png rb
d3d      D         d3d_disp.cpp:1188 real_choose_bitmap_format        [   0.24218] Fake format
d3d      D         d3d_disp.cpp:1188 real_choose_bitmap_format        [   0.24220] Fake format
d3d      D         d3d_disp.cpp:1188 real_choose_bitmap_format        [   0.24222] Fake format
d3d      D         d3d_disp.cpp:1188 real_choose_bitmap_format        [   0.24223] Fake format
d3d      D         d3d_disp.cpp:1188 real_choose_bitmap_format        [   0.24225] Fake format
d3d      D         d3d_disp.cpp:1188 real_choose_bitmap_format        [   0.24226] Fake format
d3d      D         d3d_disp.cpp:1188 real_choose_bitmap_format        [   0.24228] Fake format
d3d      D         d3d_disp.cpp:1188 real_choose_bitmap_format        [   0.24229] Fake format
d3d      D         d3d_disp.cpp:1188 real_choose_bitmap_format        [   0.24231] Fake format
d3d      D         d3d_disp.cpp:1196 real_choose_bitmap_format        [   0.24232] Alpha doesn't match
d3d      D         d3d_disp.cpp:1203 real_choose_bitmap_format        [   0.24234] Adapter format is 23
d3d      D         d3d_disp.cpp:1206 real_choose_bitmap_format        [   0.24236] Found a format
d3d      I         d3d_disp.cpp:2377 d3d_create_bitmap                [   0.24238] Chose bitmap format 9
dtor     D               dtor.c:196  _al_register_destructor          [   0.24253] added dtor for bitmap 0EBF3060, func 0F642252
d3d      D          d3d_bmp.cpp:539  _al_d3d_sync_bitmap              [   0.28450] _al_d3d_sync_bitmap (system) ref count == 1
d3d      D          d3d_bmp.cpp:545  _al_d3d_sync_bitmap              [   0.28458] _al_d3d_sync_bitmap (video) ref count == 1
d3d      D          d3d_bmp.cpp:539  _al_d3d_sync_bitmap              [   0.28648] _al_d3d_sync_bitmap (system) ref count == 1
d3d      D          d3d_bmp.cpp:545  _al_d3d_sync_bitmap              [   0.28652] _al_d3d_sync_bitmap (video) ref count == 1
d3d      D          d3d_bmp.cpp:539  _al_d3d_sync_bitmap              [   0.28842] _al_d3d_sync_bitmap (system) ref count == 1
d3d      D          d3d_bmp.cpp:545  _al_d3d_sync_bitmap              [   0.28849] _al_d3d_sync_bitmap (video) ref count == 1
d3d      D          d3d_bmp.cpp:539  _al_d3d_sync_bitmap              [   0.28911] _al_d3d_sync_bitmap (system) ref count == 1
d3d      D          d3d_bmp.cpp:545  _al_d3d_sync_bitmap              [   0.28915] _al_d3d_sync_bitmap (video) ref count == 1
d3d      D          d3d_bmp.cpp:539  _al_d3d_sync_bitmap              [   0.28963] _al_d3d_sync_bitmap (system) ref count == 1
d3d      D          d3d_bmp.cpp:545  _al_d3d_sync_bitmap              [   0.28971] _al_d3d_sync_bitmap (video) ref count == 1
d3d      D          d3d_bmp.cpp:539  _al_d3d_sync_bitmap              [   0.29191] _al_d3d_sync_bitmap (system) ref count == 1
d3d      D          d3d_bmp.cpp:545  _al_d3d_sync_bitmap              [   0.29197] _al_d3d_sync_bitmap (video) ref count == 1
d3d      D          d3d_bmp.cpp:539  _al_d3d_sync_bitmap              [   0.29248] _al_d3d_sync_bitmap (system) ref count == 1
d3d      D          d3d_bmp.cpp:545  _al_d3d_sync_bitmap              [   0.29253] _al_d3d_sync_bitmap (video) ref count == 1
d3d      D          d3d_bmp.cpp:539  _al_d3d_sync_bitmap              [   0.29289] _al_d3d_sync_bitmap (system) ref count == 1
d3d      D          d3d_bmp.cpp:545  _al_d3d_sync_bitmap              [   0.29294] _al_d3d_sync_bitmap (video) ref count == 1
d3d      D          d3d_bmp.cpp:539  _al_d3d_sync_bitmap              [   0.29329] _al_d3d_sync_bitmap (system) ref count == 1
d3d      D          d3d_bmp.cpp:545  _al_d3d_sync_bitmap              [   0.29334] _al_d3d_sync_bitmap (video) ref count == 1
d3d      D          d3d_bmp.cpp:539  _al_d3d_sync_bitmap              [   0.29372] _al_d3d_sync_bitmap (system) ref count == 1
d3d      D          d3d_bmp.cpp:545  _al_d3d_sync_bitmap              [   0.29377] _al_d3d_sync_bitmap (video) ref count == 1
d3d      D          d3d_bmp.cpp:539  _al_d3d_sync_bitmap              [   0.29430] _al_d3d_sync_bitmap (system) ref count == 1
d3d      D          d3d_bmp.cpp:545  _al_d3d_sync_bitmap              [   0.29433] _al_d3d_sync_bitmap (video) ref count == 1
d3d      D          d3d_bmp.cpp:539  _al_d3d_sync_bitmap              [   0.29476] _al_d3d_sync_bitmap (system) ref count == 1
d3d      D          d3d_bmp.cpp:545  _al_d3d_sync_bitmap              [   0.29481] _al_d3d_sync_bitmap (video) ref count == 1
d3d      D          d3d_bmp.cpp:539  _al_d3d_sync_bitmap              [   0.29522] _al_d3d_sync_bitmap (system) ref count == 1
d3d      D          d3d_bmp.cpp:545  _al_d3d_sync_bitmap              [   0.29527] _al_d3d_sync_bitmap (video) ref count == 1
d3d      D          d3d_bmp.cpp:539  _al_d3d_sync_bitmap              [   0.29565] _al_d3d_sync_bitmap (system) ref count == 1
d3d      D          d3d_bmp.cpp:545  _al_d3d_sync_bitmap              [   0.29570] _al_d3d_sync_bitmap (video) ref count == 1
d3d      D          d3d_bmp.cpp:539  _al_d3d_sync_bitmap              [   0.29612] _al_d3d_sync_bitmap (system) ref count == 1
d3d      D          d3d_bmp.cpp:545  _al_d3d_sync_bitmap              [   0.29617] _al_d3d_sync_bitmap (video) ref count == 1
d3d      D          d3d_bmp.cpp:539  _al_d3d_sync_bitmap              [   0.29690] _al_d3d_sync_bitmap (system) ref count == 1
d3d      D          d3d_bmp.cpp:545  _al_d3d_sync_bitmap              [   0.29694] _al_d3d_sync_bitmap (video) ref count == 1
d3d      D          d3d_bmp.cpp:539  _al_d3d_sync_bitmap              [   0.29769] _al_d3d_sync_bitmap (system) ref count == 1
d3d      D          d3d_bmp.cpp:545  _al_d3d_sync_bitmap              [   0.29772] _al_d3d_sync_bitmap (video) ref count == 1
d3d      D          d3d_bmp.cpp:539  _al_d3d_sync_bitmap              [   0.29812] _al_d3d_sync_bitmap (system) ref count == 1
d3d      D          d3d_bmp.cpp:545  _al_d3d_sync_bitmap              [   0.29815] _al_d3d_sync_bitmap (video) ref count == 1
d3d      D          d3d_bmp.cpp:539  _al_d3d_sync_bitmap              [   0.29850] _al_d3d_sync_bitmap (system) ref count == 1
d3d      D          d3d_bmp.cpp:545  _al_d3d_sync_bitmap              [   0.29852] _al_d3d_sync_bitmap (video) ref count == 1
d3d      D          d3d_bmp.cpp:539  _al_d3d_sync_bitmap              [   0.29885] _al_d3d_sync_bitmap (system) ref count == 1
d3d      D          d3d_bmp.cpp:545  _al_d3d_sync_bitmap              [   0.29887] _al_d3d_sync_bitmap (video) ref count == 1
d3d      D          d3d_bmp.cpp:539  _al_d3d_sync_bitmap              [   0.29925] _al_d3d_sync_bitmap (system) ref count == 1
d3d      D          d3d_bmp.cpp:545  _al_d3d_sync_bitmap              [   0.29927] _al_d3d_sync_bitmap (video) ref count == 1
d3d      D          d3d_bmp.cpp:539  _al_d3d_sync_bitmap              [   0.29963] _al_d3d_sync_bitmap (system) ref count == 1
d3d      D          d3d_bmp.cpp:545  _al_d3d_sync_bitmap              [   0.29965] _al_d3d_sync_bitmap (video) ref count == 1
d3d      D          d3d_bmp.cpp:539  _al_d3d_sync_bitmap              [   0.29998] _al_d3d_sync_bitmap (system) ref count == 1
d3d      D          d3d_bmp.cpp:545  _al_d3d_sync_bitmap              [   0.30001] _al_d3d_sync_bitmap (video) ref count == 1
d3d      D          d3d_bmp.cpp:539  _al_d3d_sync_bitmap              [   0.30035] _al_d3d_sync_bitmap (system) ref count == 1
d3d      D          d3d_bmp.cpp:545  _al_d3d_sync_bitmap              [   0.30037] _al_d3d_sync_bitmap (video) ref count == 1
audio    D          kcm_mixer.c:121  _al_rechannel_matrix             [   1.51038] sample matrix:
audio    D          kcm_mixer.c:127  _al_rechannel_matrix             [   1.51042]  0.707107 0.000000
audio    D          kcm_mixer.c:127  _al_rechannel_matrix             [   1.51044]  0.000000 0.707107
audio    D          kcm_mixer.c:121  _al_rechannel_matrix             [   1.51045] sample matrix:
audio    D          kcm_mixer.c:127  _al_rechannel_matrix             [   1.51047]  0.070711 0.000000
audio    D          kcm_mixer.c:127  _al_rechannel_matrix             [   1.51048]  0.000000 0.070711
d3d      D         d3d_disp.cpp:1188 real_choose_bitmap_format        [   3.12381] Fake format
d3d      D         d3d_disp.cpp:1188 real_choose_bitmap_format        [   3.12385] Fake format
d3d      D         d3d_disp.cpp:1188 real_choose_bitmap_format        [   3.12386] Fake format
d3d      D         d3d_disp.cpp:1188 real_choose_bitmap_format        [   3.12388] Fake format
d3d      D         d3d_disp.cpp:1188 real_choose_bitmap_format        [   3.12389] Fake format
d3d      D         d3d_disp.cpp:1188 real_choose_bitmap_format        [   3.12390] Fake format
d3d      D         d3d_disp.cpp:1188 real_choose_bitmap_format        [   3.12391] Fake format
d3d      D         d3d_disp.cpp:1188 real_choose_bitmap_format        [   3.12392] Fake format
d3d      D         d3d_disp.cpp:1188 real_choose_bitmap_format        [   3.12394] Fake format
d3d      D         d3d_disp.cpp:1196 real_choose_bitmap_format        [   3.12395] Alpha doesn't match
d3d      D         d3d_disp.cpp:1203 real_choose_bitmap_format        [   3.12396] Adapter format is 23
d3d      D         d3d_disp.cpp:1206 real_choose_bitmap_format        [   3.12398] Found a format
d3d      I         d3d_disp.cpp:2377 d3d_create_bitmap                [   3.12399] Chose bitmap format 9
font     D                ttf.c:238  alloc_glyph_region               [   3.12436] Glyph 8: 16x15 (16x16)
font     D                ttf.c:282  alloc_glyph_region               [   3.12439] Locking glyph region: 0EBF2D70 0 0 16 16
font     D                ttf.c:166  unlock_current_page              [   3.12452] Unlocking page: 0EBF2D70
d3d      D          d3d_bmp.cpp:539  _al_d3d_sync_bitmap              [   3.12485] _al_d3d_sync_bitmap (system) ref count == 1
d3d      D          d3d_bmp.cpp:545  _al_d3d_sync_bitmap              [   3.12488] _al_d3d_sync_bitmap (video) ref count == 1
font     D                ttf.c:238  alloc_glyph_region               [   3.65753] Glyph 10: 16x15 (16x16)
font     D                ttf.c:282  alloc_glyph_region               [   3.65756] Locking glyph region: 0EBF2D70 16 0 16 16
font     D                ttf.c:166  unlock_current_page              [   3.65759] Unlocking page: 0EBF2D70
d3d      D          d3d_bmp.cpp:539  _al_d3d_sync_bitmap              [   3.65800] _al_d3d_sync_bitmap (system) ref count == 1
d3d      D          d3d_bmp.cpp:545  _al_d3d_sync_bitmap              [   3.65803] _al_d3d_sync_bitmap (video) ref count == 1
font     D                ttf.c:238  alloc_glyph_region               [   3.67039] Glyph 12: 16x15 (16x16)
font     D                ttf.c:282  alloc_glyph_region               [   3.67042] Locking glyph region: 0EBF2D70 32 0 16 16
font     D                ttf.c:166  unlock_current_page              [   3.67048] Unlocking page: 0EBF2D70
d3d      D          d3d_bmp.cpp:539  _al_d3d_sync_bitmap              [   3.67832] _al_d3d_sync_bitmap (system) ref count == 1
d3d      D          d3d_bmp.cpp:545  _al_d3d_sync_bitmap              [   3.67836] _al_d3d_sync_bitmap (video) ref count == 1
font     D                ttf.c:238  alloc_glyph_region               [   3.68430] Glyph 14: 16x15 (16x16)
font     D                ttf.c:282  alloc_glyph_region               [   3.68433] Locking glyph region: 0EBF2D70 48 0 16 16
font     D                ttf.c:166  unlock_current_page              [   3.68438] Unlocking page: 0EBF2D70
d3d      D          d3d_bmp.cpp:539  _al_d3d_sync_bitmap              [   3.68474] _al_d3d_sync_bitmap (system) ref count == 1
d3d      D          d3d_bmp.cpp:545  _al_d3d_sync_bitmap              [   3.68480] _al_d3d_sync_bitmap (video) ref count == 1
font     D                ttf.c:238  alloc_glyph_region               [   3.69713] Glyph 16: 16x15 (16x16)
font     D                ttf.c:282  alloc_glyph_region               [   3.69717] Locking glyph region: 0EBF2D70 64 0 16 16
font     D                ttf.c:166  unlock_current_page              [   3.69723] Unlocking page: 0EBF2D70
d3d      D          d3d_bmp.cpp:539  _al_d3d_sync_bitmap              [   3.69767] _al_d3d_sync_bitmap (system) ref count == 1
d3d      D          d3d_bmp.cpp:545  _al_d3d_sync_bitmap              [   3.69771] _al_d3d_sync_bitmap (video) ref count == 1
font     D                ttf.c:238  alloc_glyph_region               [   3.71080] Glyph 17: 16x15 (16x16)
font     D                ttf.c:282  alloc_glyph_region               [   3.71083] Locking glyph region: 0EBF2D70 80 0 16 16
font     D                ttf.c:166  unlock_current_page              [   3.71089] Unlocking page: 0EBF2D70
d3d      D          d3d_bmp.cpp:539  _al_d3d_sync_bitmap              [   3.71138] _al_d3d_sync_bitmap (system) ref count == 1
d3d      D          d3d_bmp.cpp:545  _al_d3d_sync_bitmap              [   3.71141] _al_d3d_sync_bitmap (video) ref count == 1
font     D                ttf.c:238  alloc_glyph_region               [   4.43043] Glyph 9: 10x15 (12x16)
font     D                ttf.c:282  alloc_glyph_region               [   4.43046] Locking glyph region: 0EBF2D70 96 0 12 16
font     D                ttf.c:166  unlock_current_page              [   4.43049] Unlocking page: 0EBF2D70
font     D                ttf.c:238  alloc_glyph_region               [   4.43053] Glyph 15: 16x15 (16x16)
font     D                ttf.c:282  alloc_glyph_region               [   4.43055] Locking glyph region: 0EBF2D70 108 0 16 16
font     D                ttf.c:166  unlock_current_page              [   4.43066] Unlocking page: 0EBF2D70
d3d      D          d3d_bmp.cpp:539  _al_d3d_sync_bitmap              [   4.43115] _al_d3d_sync_bitmap (system) ref count == 1
d3d      D          d3d_bmp.cpp:545  _al_d3d_sync_bitmap              [   4.43118] _al_d3d_sync_bitmap (video) ref count == 1
font     D                ttf.c:238  alloc_glyph_region               [   4.44373] Glyph 13: 16x15 (16x16)
font     D                ttf.c:282  alloc_glyph_region               [   4.44376] Locking glyph region: 0EBF2D70 124 0 16 16
font     D                ttf.c:166  unlock_current_page              [   4.44382] Unlocking page: 0EBF2D70
d3d      D          d3d_bmp.cpp:539  _al_d3d_sync_bitmap              [   4.44436] _al_d3d_sync_bitmap (system) ref count == 1
d3d      D          d3d_bmp.cpp:545  _al_d3d_sync_bitmap              [   4.44439] _al_d3d_sync_bitmap (video) ref count == 1
font     D                ttf.c:238  alloc_glyph_region               [   4.45752] Glyph 11: 16x15 (16x16)
font     D                ttf.c:282  alloc_glyph_region               [   4.45755] Locking glyph region: 0EBF2D70 140 0 16 16
font     D                ttf.c:166  unlock_current_page              [   4.45761] Unlocking page: 0EBF2D70
d3d      D          d3d_bmp.cpp:539  _al_d3d_sync_bitmap              [   4.45798] _al_d3d_sync_bitmap (system) ref count == 1
d3d      D          d3d_bmp.cpp:545  _al_d3d_sync_bitmap              [   4.45802] _al_d3d_sync_bitmap (video) ref count == 1
audio    D          kcm_mixer.c:121  _al_rechannel_matrix             [  11.41763] sample matrix:
audio    D          kcm_mixer.c:127  _al_rechannel_matrix             [  11.41767]  0.707107 0.000000
audio    D          kcm_mixer.c:127  _al_rechannel_matrix             [  11.41769]  0.000000 0.707107
audio    D          kcm_mixer.c:121  _al_rechannel_matrix             [  14.23032] sample matrix:
audio    D          kcm_mixer.c:127  _al_rechannel_matrix             [  14.23036]  0.707107 0.000000
audio    D          kcm_mixer.c:127  _al_rechannel_matrix             [  14.23038]  0.000000 0.707107
audio    D          kcm_mixer.c:121  _al_rechannel_matrix             [  14.23039] sample matrix:
audio    D          kcm_mixer.c:127  _al_rechannel_matrix             [  14.23041]  0.070711 0.000000
audio    D          kcm_mixer.c:127  _al_rechannel_matrix             [  14.23042]  0.000000 0.070711
audio    D          kcm_mixer.c:121  _al_rechannel_matrix             [  16.60358] sample matrix:
audio    D          kcm_mixer.c:127  _al_rechannel_matrix             [  16.60364]  0.070711 0.000000
audio    D          kcm_mixer.c:127  _al_rechannel_matrix             [  16.60367]  0.000000 0.070711
